<?xml version="1.0" encoding="UTF-8"?>
<testng-results ignored="0" total="1" passed="1" failed="0" skipped="0">
  <reporter-output>
  </reporter-output>
  <suite started-at="2021-05-06T08:20:39Z" name="BDD Test Suite" finished-at="2021-05-06T08:21:08Z" duration-ms="29413">
    <groups>
      <group name="cucumber">
        <method signature="testRunner.feature(cucumber.api.testng.CucumberFeatureWrapper)[pri:0, instance:runner.testRunner@35fc6dc4]" name="feature" class="runner.testRunner"/>
      </group> <!-- cucumber -->
    </groups>
    <test started-at="2021-05-06T08:20:39Z" name="FREE CRM Test" finished-at="2021-05-06T08:21:08Z" duration-ms="29413">
      <class name="runner.testRunner">
        <test-method is-config="true" signature="setUpClass()[pri:0, instance:runner.testRunner@35fc6dc4]" started-at="2021-05-06T08:20:39Z" name="setUpClass" finished-at="2021-05-06T08:20:39Z" duration-ms="480" status="PASS">
          <reporter-output>
          </reporter-output>
        </test-method> <!-- setUpClass -->
        <test-method signature="feature(cucumber.api.testng.CucumberFeatureWrapper)[pri:0, instance:runner.testRunner@35fc6dc4]" started-at="2021-05-06T08:20:40Z" name="feature" description="Runs Cucumber Feature" data-provider="features" finished-at="2021-05-06T08:21:08Z" duration-ms="28701" status="PASS">
          <params>
            <param index="0">
              <value>
                <![CDATA[Login to application]]>
              </value>
            </param>
          </params>
          <reporter-output>
          </reporter-output>
        </test-method> <!-- feature -->
        <test-method is-config="true" signature="tearDownClass()[pri:0, instance:runner.testRunner@35fc6dc4]" started-at="2021-05-06T08:21:08Z" name="tearDownClass" finished-at="2021-05-06T08:21:08Z" duration-ms="19" status="PASS">
          <reporter-output>
          </reporter-output>
        </test-method> <!-- tearDownClass -->
      </class> <!-- runner.testRunner -->
    </test> <!-- FREE CRM Test -->
  </suite> <!-- BDD Test Suite -->
</testng-results>
